<?xml version="1.0" encoding="UTF-8"?>
<!-- Generated by org.testng.reporters.JUnitXMLReporter -->
<testsuite ignored="0" hostname="SRIMAMID-IN" failures="0" tests="3" name="Default test" time="36.542" errors="0" timestamp="23 Jan 2020 10:49:21 GMT">
  <testcase classname="com.qa.testCases.LoginPageTest" name="demo" time="0.008"/>
  <testcase classname="com.qa.testCases.LoginPageTest" name="loginTest" time="0.43"/>
  <testcase classname="com.qa.testCases.LoginPageTest" name="loginTest" time="0.342"/>
</testsuite> <!-- Default test -->
