<?xml version="1.0" encoding="UTF-8"?>
<!-- Generated by org.testng.reporters.JUnitXMLReporter -->
<testsuite ignored="0" hostname="SRIMAMID-IN" failures="0" tests="3" name="Default test" time="73.241" errors="0" timestamp="22 Jan 2020 18:59:34 GMT">
  <testcase classname="com.qa.testCases.LoginPageTest" name="demo" time="0.011"/>
  <testcase classname="com.qa.testCases.LoginPageTest" name="loginTest" time="0.382"/>
  <testcase classname="com.qa.testCases.LoginPageTest" name="loginTest" time="0.322"/>
</testsuite> <!-- Default test -->
