<?xml version="1.0" encoding="UTF-8"?>
<testng-results skipped="0" failed="0" ignored="0" total="3" passed="3">
  <reporter-output>
  </reporter-output>
  <suite name="com.qa.testCases.LoginPageTest" duration-ms="42604" started-at="2020-01-23T10:53:28Z" finished-at="2020-01-23T10:54:10Z">
    <groups>
    </groups>
    <test name="Command line test" duration-ms="42604" started-at="2020-01-23T10:53:28Z" finished-at="2020-01-23T10:54:10Z">
      <class name="com.qa.testCases.LoginPageTest">
        <test-method status="PASS" signature="setUp()[pri:0, instance:com.qa.testCases.LoginPageTest@9a8472]" name="setUp" is-config="true" duration-ms="15136" started-at="2020-01-23T16:23:28Z" finished-at="2020-01-23T16:23:43Z">
          <reporter-output>
          </reporter-output>
        </test-method> <!-- setUp -->
        <test-method status="PASS" signature="demo()[pri:0, instance:com.qa.testCases.LoginPageTest@9a8472]" name="demo" duration-ms="0" started-at="2020-01-23T16:23:43Z" finished-at="2020-01-23T16:23:43Z">
          <reporter-output>
          </reporter-output>
        </test-method> <!-- demo -->
        <test-method status="PASS" signature="setUp()[pri:0, instance:com.qa.testCases.LoginPageTest@9a8472]" name="setUp" is-config="true" duration-ms="12019" started-at="2020-01-23T16:23:43Z" finished-at="2020-01-23T16:23:55Z">
          <reporter-output>
          </reporter-output>
        </test-method> <!-- setUp -->
        <test-method status="PASS" signature="loginTest(java.lang.String, java.lang.String)[pri:0, instance:com.qa.testCases.LoginPageTest@9a8472]" name="loginTest" duration-ms="395" started-at="2020-01-23T16:23:55Z" data-provider="getCRMTestData" finished-at="2020-01-23T16:23:56Z">
          <params>
            <param index="0">
              <value>
                <![CDATA[mamidisrisaiteja@gmail.com]]>
              </value>
            </param>
            <param index="1">
              <value>
                <![CDATA[Srisai@90]]>
              </value>
            </param>
          </params>
          <reporter-output>
          </reporter-output>
        </test-method> <!-- loginTest -->
        <test-method status="PASS" signature="setUp()[pri:0, instance:com.qa.testCases.LoginPageTest@9a8472]" name="setUp" is-config="true" duration-ms="14167" started-at="2020-01-23T16:23:56Z" finished-at="2020-01-23T16:24:10Z">
          <reporter-output>
          </reporter-output>
        </test-method> <!-- setUp -->
        <test-method status="PASS" signature="loginTest(java.lang.String, java.lang.String)[pri:0, instance:com.qa.testCases.LoginPageTest@9a8472]" name="loginTest" duration-ms="302" started-at="2020-01-23T16:24:10Z" data-provider="getCRMTestData" finished-at="2020-01-23T16:24:10Z">
          <params>
            <param index="0">
              <value>
                <![CDATA[Dad]]>
              </value>
            </param>
            <param index="1">
              <value>
                <![CDATA[Dad]]>
              </value>
            </param>
          </params>
          <reporter-output>
          </reporter-output>
        </test-method> <!-- loginTest -->
      </class> <!-- com.qa.testCases.LoginPageTest -->
    </test> <!-- Command line test -->
  </suite> <!-- com.qa.testCases.LoginPageTest -->
</testng-results>
