<?xml version="1.0" encoding="UTF-8"?>
<testng-results ignored="0" total="3" passed="3" failed="0" skipped="0">
  <reporter-output>
  </reporter-output>
  <suite started-at="2020-01-23T10:48:44Z" name="Default suite" finished-at="2020-01-23T10:49:21Z" duration-ms="36542">
    <groups>
    </groups>
    <test started-at="2020-01-23T10:48:44Z" name="Default test" finished-at="2020-01-23T10:49:21Z" duration-ms="36542">
      <class name="com.qa.testCases.LoginPageTest">
        <test-method is-config="true" signature="setUp()[pri:0, instance:com.qa.testCases.LoginPageTest@e50a6f6]" started-at="2020-01-23T16:18:44Z" name="setUp" finished-at="2020-01-23T16:18:57Z" duration-ms="12885" status="PASS">
          <reporter-output>
          </reporter-output>
        </test-method> <!-- setUp -->
        <test-method signature="demo()[pri:0, instance:com.qa.testCases.LoginPageTest@e50a6f6]" started-at="2020-01-23T16:18:57Z" name="demo" finished-at="2020-01-23T16:18:57Z" duration-ms="8" status="PASS">
          <reporter-output>
          </reporter-output>
        </test-method> <!-- demo -->
        <test-method is-config="true" signature="setUp()[pri:0, instance:com.qa.testCases.LoginPageTest@e50a6f6]" started-at="2020-01-23T16:18:58Z" name="setUp" finished-at="2020-01-23T16:19:09Z" duration-ms="10766" status="PASS">
          <reporter-output>
          </reporter-output>
        </test-method> <!-- setUp -->
        <test-method signature="loginTest(java.lang.String, java.lang.String)[pri:0, instance:com.qa.testCases.LoginPageTest@e50a6f6]" started-at="2020-01-23T16:19:09Z" name="loginTest" data-provider="getCRMTestData" finished-at="2020-01-23T16:19:09Z" duration-ms="430" status="PASS">
          <params>
            <param index="0">
              <value>
                <![CDATA[mamidisrisaiteja@gmail.com]]>
              </value>
            </param>
            <param index="1">
              <value>
                <![CDATA[Srisai@90]]>
              </value>
            </param>
          </params>
          <reporter-output>
          </reporter-output>
        </test-method> <!-- loginTest -->
        <test-method is-config="true" signature="setUp()[pri:0, instance:com.qa.testCases.LoginPageTest@e50a6f6]" started-at="2020-01-23T16:19:09Z" name="setUp" finished-at="2020-01-23T16:19:21Z" duration-ms="11474" status="PASS">
          <reporter-output>
          </reporter-output>
        </test-method> <!-- setUp -->
        <test-method signature="loginTest(java.lang.String, java.lang.String)[pri:0, instance:com.qa.testCases.LoginPageTest@e50a6f6]" started-at="2020-01-23T16:19:21Z" name="loginTest" data-provider="getCRMTestData" finished-at="2020-01-23T16:19:21Z" duration-ms="342" status="PASS">
          <params>
            <param index="0">
              <value>
                <![CDATA[Dad]]>
              </value>
            </param>
            <param index="1">
              <value>
                <![CDATA[Dad]]>
              </value>
            </param>
          </params>
          <reporter-output>
          </reporter-output>
        </test-method> <!-- loginTest -->
      </class> <!-- com.qa.testCases.LoginPageTest -->
    </test> <!-- Default test -->
  </suite> <!-- Default suite -->
</testng-results>
