<?xml version="1.0" encoding="UTF-8"?>
<testng-results ignored="0" total="3" passed="3" failed="0" skipped="0">
  <reporter-output>
  </reporter-output>
  <suite started-at="2020-01-22T18:58:21Z" name="Default suite" finished-at="2020-01-22T18:59:34Z" duration-ms="73241">
    <groups>
    </groups>
    <test started-at="2020-01-22T18:58:21Z" name="Default test" finished-at="2020-01-22T18:59:34Z" duration-ms="73241">
      <class name="com.qa.testCases.LoginPageTest">
        <test-method is-config="true" signature="setUp()[pri:0, instance:com.qa.testCases.LoginPageTest@e50a6f6]" started-at="2020-01-23T00:28:21Z" name="setUp" finished-at="2020-01-23T00:28:35Z" duration-ms="14411" status="PASS">
          <reporter-output>
          </reporter-output>
        </test-method> <!-- setUp -->
        <test-method signature="demo()[pri:0, instance:com.qa.testCases.LoginPageTest@e50a6f6]" started-at="2020-01-23T00:28:35Z" name="demo" finished-at="2020-01-23T00:28:35Z" duration-ms="11" status="PASS">
          <reporter-output>
          </reporter-output>
        </test-method> <!-- demo -->
        <test-method is-config="true" signature="setUp()[pri:0, instance:com.qa.testCases.LoginPageTest@e50a6f6]" started-at="2020-01-23T00:28:36Z" name="setUp" finished-at="2020-01-23T00:29:21Z" duration-ms="45785" status="PASS">
          <reporter-output>
          </reporter-output>
        </test-method> <!-- setUp -->
        <test-method signature="loginTest(java.lang.String, java.lang.String)[pri:0, instance:com.qa.testCases.LoginPageTest@e50a6f6]" started-at="2020-01-23T00:29:21Z" name="loginTest" data-provider="getCRMTestData" finished-at="2020-01-23T00:29:22Z" duration-ms="382" status="PASS">
          <params>
            <param index="0">
              <value>
                <![CDATA[mamidisrisaiteja@gmail.com]]>
              </value>
            </param>
            <param index="1">
              <value>
                <![CDATA[Srisai@90]]>
              </value>
            </param>
          </params>
          <reporter-output>
          </reporter-output>
        </test-method> <!-- loginTest -->
        <test-method is-config="true" signature="setUp()[pri:0, instance:com.qa.testCases.LoginPageTest@e50a6f6]" started-at="2020-01-23T00:29:22Z" name="setUp" finished-at="2020-01-23T00:29:33Z" duration-ms="11710" status="PASS">
          <reporter-output>
          </reporter-output>
        </test-method> <!-- setUp -->
        <test-method signature="loginTest(java.lang.String, java.lang.String)[pri:0, instance:com.qa.testCases.LoginPageTest@e50a6f6]" started-at="2020-01-23T00:29:33Z" name="loginTest" data-provider="getCRMTestData" finished-at="2020-01-23T00:29:34Z" duration-ms="322" status="PASS">
          <params>
            <param index="0">
              <value>
                <![CDATA[Dad]]>
              </value>
            </param>
            <param index="1">
              <value>
                <![CDATA[Dad]]>
              </value>
            </param>
          </params>
          <reporter-output>
          </reporter-output>
        </test-method> <!-- loginTest -->
      </class> <!-- com.qa.testCases.LoginPageTest -->
    </test> <!-- Default test -->
  </suite> <!-- Default suite -->
</testng-results>
