<?xml version="1.0" encoding="UTF-8"?>
<!-- Generated by org.testng.reporters.JUnitXMLReporter -->
<testsuite hostname="SRIMAMID-IN" ignored="0" name="Command line test" tests="3" failures="0" timestamp="23 Jan 2020 10:54:10 GMT" time="42.604" errors="0">
  <testcase name="demo" time="0.0" classname="com.qa.testCases.LoginPageTest"/>
  <testcase name="loginTest" time="0.395" classname="com.qa.testCases.LoginPageTest"/>
  <testcase name="loginTest" time="0.302" classname="com.qa.testCases.LoginPageTest"/>
</testsuite> <!-- Command line test -->
